C:\MATERIJA\UNARA28\BATTLE_CITY_FPGA-MASTER\BC_MEM_PACKER\BATTLE_MEM\DEBUG\BATTLE_MEM.EXE
C:\MATERIJA\UNARA28\BATTLE_CITY_FPGA-MASTER\BC_MEM_PACKER\BATTLE_MEM\DEBUG\BATTLE_MEM.EXE.INTERMEDIATE.MANIFEST
C:\MATERIJA\UNARA28\BATTLE_CITY_FPGA-MASTER\BC_MEM_PACKER\BATTLE_MEM\DEBUG\BATTLE_MEM.ILK
C:\MATERIJA\UNARA28\BATTLE_CITY_FPGA-MASTER\BC_MEM_PACKER\BATTLE_MEM\DEBUG\BATTLE_MEM.PDB
C:\MATERIJA\UNARA28\BATTLE_CITY_FPGA-MASTER\BC_MEM_PACKER\BATTLE_MEM\DEBUG\BITMAP.OBJ
C:\MATERIJA\UNARA28\BATTLE_CITY_FPGA-MASTER\BC_MEM_PACKER\BATTLE_MEM\DEBUG\MAIN.OBJ
C:\MATERIJA\UNARA28\BATTLE_CITY_FPGA-MASTER\BC_MEM_PACKER\BATTLE_MEM\DEBUG\TOOLS.OBJ
C:\MATERIJA\UNARA28\BATTLE_CITY_FPGA-MASTER\BC_MEM_PACKER\BATTLE_MEM\DEBUG\VC100.PDB
C:\MATERIJA\UNARA28\BATTLE_MEM\BATTLE_MEM\DEBUG\BATTLE_MEM.EXE.INTERMEDIATE.MANIFEST
C:\MATERIJA\UNARA28\BATTLE_MEM\BATTLE_MEM\DEBUG\BITMAP.OBJ
C:\MATERIJA\UNARA28\BATTLE_MEM\BATTLE_MEM\DEBUG\MAIN.OBJ
C:\MATERIJA\UNARA28\BATTLE_MEM\BATTLE_MEM\DEBUG\TOOLS.OBJ
C:\MATERIJA\UNARA28\BATTLE_MEM\BATTLE_MEM\DEBUG\VC100.PDB
C:\MATERIJA\UNARA28\BATTLE_MEM\DEBUG\BATTLE_MEM.EXE
C:\MATERIJA\UNARA28\BATTLE_MEM\DEBUG\BATTLE_MEM.ILK
C:\MATERIJA\UNARA28\BATTLE_MEM\DEBUG\BATTLE_MEM.PDB
C:\RA127-2014\LPRS2\PROJEKAT\SUPER_MARIO\BC_MEM_PACKER\BATTLE_MEM\DEBUG\BATTLE_MEM.EXE
C:\RA127-2014\LPRS2\PROJEKAT\SUPER_MARIO\BC_MEM_PACKER\BATTLE_MEM\DEBUG\BATTLE_MEM.EXE.INTERMEDIATE.MANIFEST
C:\RA127-2014\LPRS2\PROJEKAT\SUPER_MARIO\BC_MEM_PACKER\BATTLE_MEM\DEBUG\BATTLE_MEM.ILK
C:\RA127-2014\LPRS2\PROJEKAT\SUPER_MARIO\BC_MEM_PACKER\BATTLE_MEM\DEBUG\BATTLE_MEM.PDB
C:\RA127-2014\LPRS2\PROJEKAT\SUPER_MARIO\BC_MEM_PACKER\BATTLE_MEM\DEBUG\BITMAP.OBJ
C:\RA127-2014\LPRS2\PROJEKAT\SUPER_MARIO\BC_MEM_PACKER\BATTLE_MEM\DEBUG\MAIN.OBJ
C:\RA127-2014\LPRS2\PROJEKAT\SUPER_MARIO\BC_MEM_PACKER\BATTLE_MEM\DEBUG\TOOLS.OBJ
C:\RA127-2014\LPRS2\PROJEKAT\SUPER_MARIO\BC_MEM_PACKER\BATTLE_MEM\DEBUG\VC100.PDB
C:\RA127-2014\LPRS2\SUPER_MARIO\BC_MEM_PACKER\BATTLE_MEM\DEBUG\BATTLE_MEM.EXE
C:\RA127-2014\LPRS2\SUPER_MARIO\BC_MEM_PACKER\BATTLE_MEM\DEBUG\BATTLE_MEM.EXE.INTERMEDIATE.MANIFEST
C:\RA127-2014\LPRS2\SUPER_MARIO\BC_MEM_PACKER\BATTLE_MEM\DEBUG\BATTLE_MEM.ILK
C:\RA127-2014\LPRS2\SUPER_MARIO\BC_MEM_PACKER\BATTLE_MEM\DEBUG\BATTLE_MEM.PDB
C:\RA127-2014\LPRS2\SUPER_MARIO\BC_MEM_PACKER\BATTLE_MEM\DEBUG\BITMAP.OBJ
C:\RA127-2014\LPRS2\SUPER_MARIO\BC_MEM_PACKER\BATTLE_MEM\DEBUG\MAIN.OBJ
C:\RA127-2014\LPRS2\SUPER_MARIO\BC_MEM_PACKER\BATTLE_MEM\DEBUG\TOOLS.OBJ
C:\RA127-2014\LPRS2\SUPER_MARIO\BC_MEM_PACKER\BATTLE_MEM\DEBUG\VC100.PDB
C:\USERS\STUDENT\DESKTOP\BOOMBERMAN\BOOMBERMAN\BC_MEM_PACKER\BATTLE_MEM\DEBUG\BATTLE_MEM.EXE
C:\USERS\STUDENT\DESKTOP\BOOMBERMAN\BOOMBERMAN\BC_MEM_PACKER\BATTLE_MEM\DEBUG\BATTLE_MEM.EXE.INTERMEDIATE.MANIFEST
C:\USERS\STUDENT\DESKTOP\BOOMBERMAN\BOOMBERMAN\BC_MEM_PACKER\BATTLE_MEM\DEBUG\BATTLE_MEM.ILK
C:\USERS\STUDENT\DESKTOP\BOOMBERMAN\BOOMBERMAN\BC_MEM_PACKER\BATTLE_MEM\DEBUG\BATTLE_MEM.PDB
C:\Users\student\Desktop\Boomberman\Boomberman\bc_mem_packer\battle_mem\Debug\battle_mem.vcxprojResolveAssemblyReference.cache
C:\Users\student\Desktop\Boomberman\Boomberman\bc_mem_packer\battle_mem\Debug\battle_mem.write.1.tlog
C:\USERS\STUDENT\DESKTOP\BOOMBERMAN\BOOMBERMAN\BC_MEM_PACKER\BATTLE_MEM\DEBUG\BITMAP.OBJ
C:\Users\student\Desktop\Boomberman\Boomberman\bc_mem_packer\battle_mem\Debug\cl.command.1.tlog
C:\Users\student\Desktop\Boomberman\Boomberman\bc_mem_packer\battle_mem\Debug\CL.read.1.tlog
C:\Users\student\Desktop\Boomberman\Boomberman\bc_mem_packer\battle_mem\Debug\CL.write.1.tlog
C:\Users\student\Desktop\Boomberman\Boomberman\bc_mem_packer\battle_mem\Debug\link.command.1.tlog
C:\Users\student\Desktop\Boomberman\Boomberman\bc_mem_packer\battle_mem\Debug\link.read.1.tlog
C:\Users\student\Desktop\Boomberman\Boomberman\bc_mem_packer\battle_mem\Debug\link.write.1.tlog
C:\USERS\STUDENT\DESKTOP\BOOMBERMAN\BOOMBERMAN\BC_MEM_PACKER\BATTLE_MEM\DEBUG\MAIN.OBJ
C:\Users\student\Desktop\Boomberman\Boomberman\bc_mem_packer\battle_mem\Debug\mt.command.1.tlog
C:\Users\student\Desktop\Boomberman\Boomberman\bc_mem_packer\battle_mem\Debug\mt.read.1.tlog
C:\Users\student\Desktop\Boomberman\Boomberman\bc_mem_packer\battle_mem\Debug\mt.write.1.tlog
C:\USERS\STUDENT\DESKTOP\BOOMBERMAN\BOOMBERMAN\BC_MEM_PACKER\BATTLE_MEM\DEBUG\TOOLS.OBJ
C:\Users\student\Desktop\Boomberman\Boomberman\bc_mem_packer\battle_mem\Debug\vc100.idb
C:\USERS\STUDENT\DESKTOP\BOOMBERMAN\BOOMBERMAN\BC_MEM_PACKER\BATTLE_MEM\DEBUG\VC100.PDB
