15:39:31.406 INFO  - Processing command line option -hwspec D:\ra126-2016\Bomberman\battle_city_design\SDK\SDK_Export\hw\battle_city.xml. 
15:42:40.892 INFO  - FPGA configured successfully with bitstream "D:/ra126-2016/Bomberman/battle_city_design_hw_platform/download.bit" 
15:58:23.028 INFO  - FPGA configured successfully with bitstream "D:/ra126-2016/Bomberman/battle_city_design_hw_platform/download.bit" 
16:13:56.093 INFO  - microblaze_0 Processor is in use. Please stop existing Run or Debug sessions before launching. 
16:13:57.795 ERROR - Unexpected error while launching program. java.lang.RuntimeException: Cannot perform the Debug Command, Current Processor State is "Running"

	at com.xilinx.sdk.targetmanager.internal.TM.downloadELF(Unknown Source)
	at com.xilinx.sdk.debug.core.internal.AppRunner.run(Unknown Source)

16:14:19.185 INFO  - FPGA configured successfully with bitstream "D:/ra126-2016/Bomberman/battle_city_design_hw_platform/download.bit" 
16:15:05.981 INFO  - microblaze_0 Processor is in use. Please stop existing Run or Debug sessions before launching. 
16:18:16.626 INFO  - microblaze_0 Processor is in use. Please stop existing Run or Debug sessions before launching. 
16:18:23.307 ERROR - Unexpected error while launching program. java.lang.RuntimeException: Debug Operation Not Supported on the Target
MicroBlaze Pipeline Stalled on a Blocking Instruction or Invalid Bus Access
    Stalled PC: 0x00000858
    Try Resetting the Processor to Continue..

	at com.xilinx.sdk.targetmanager.internal.TM.downloadELF(Unknown Source)
	at com.xilinx.sdk.debug.core.internal.AppRunner.run(Unknown Source)

16:18:42.711 INFO  - FPGA configured successfully with bitstream "D:/ra126-2016/Bomberman/battle_city_design_hw_platform/download.bit" 
16:20:13.377 ERROR - Unexpected error while launching program. java.lang.RuntimeException: Cannot perform the Debug Command, Current Processor State is "Running"

	at com.xilinx.sdk.targetmanager.internal.TM.downloadELF(Unknown Source)
	at com.xilinx.sdk.debug.core.internal.AppRunner.run(Unknown Source)

16:24:42.706 INFO  - microblaze_0 Processor is in use. Please stop existing Run or Debug sessions before launching. 
16:24:53.405 INFO  - microblaze_0 Processor is in use. Please stop existing Run or Debug sessions before launching. 
16:25:02.095 ERROR - Unexpected error while launching program. java.lang.RuntimeException: Cannot perform the Debug Command

    Failed to lock the JTAG cable for exclusive access


	at com.xilinx.sdk.targetmanager.internal.TM.downloadELF(Unknown Source)
	at com.xilinx.sdk.debug.core.internal.AppRunner.run(Unknown Source)

16:25:02.096 INFO  - FPGA Cable Disconnected. All active launches will be terminated. 
16:26:02.296 INFO  - Time out for XMD transaction is 60000
If you want to increase the timeout value, goto Windows-> Preferences -> Xilinx SDK -> XMD Startup 
16:26:02.296 ERROR - Timeout occured while waiting to get reply for command "xdisconnect -cable" 
16:26:10.341 ERROR - Checking FPGA configuration failed..Lost communication with jtag cable. Run "xdisconnect -cable"
    and start over again

 
16:27:39.355 ERROR - Checking FPGA configuration failed..Lost communication with jtag cable. Run "xdisconnect -cable"
    and start over again

 
16:27:54.226 ERROR - Checking FPGA configuration failed..Lost communication with jtag cable. Run "xdisconnect -cable"
    and start over again

 
16:28:13.226 ERROR - Checking FPGA configuration failed..Lost communication with jtag cable. Run "xdisconnect -cable"
    and start over again

 
16:28:30.627 ERROR - Checking FPGA configuration failed..Lost communication with jtag cable. Run "xdisconnect -cable"
    and start over again

 
16:28:48.830 ERROR - Checking FPGA configuration failed..Lost communication with jtag cable. Run "xdisconnect -cable"
    and start over again

 
16:29:25.870 ERROR - FPGA Configuration failed.Connection to Board Failed

Failed to Scan JTAG Chain
    Unknown Error
 
16:29:47.312 ERROR - Checking FPGA configuration failed..Connection to Board Failed

Failed to Scan JTAG Chain
    Unknown Error
 
16:30:09.534 ERROR - FPGA Configuration failed.Connection to Board Failed

Failed to Scan JTAG Chain
    Unknown Error
 
16:31:19.726 INFO  - FPGA configured successfully with bitstream "D:/ra126-2016/Bomberman/battle_city_design_hw_platform/download.bit" 
16:40:36.841 ERROR - Unexpected error while parsing XMD response ?: com.google.gson.JsonSyntaxException: com.google.gson.stream.MalformedJsonException: invalid number or unquoted string near  
09:46:13.562 INFO  - Processing command line option -hwspec D:\ra126-2016\Bomberman\battle_city_design\SDK\SDK_Export\hw\battle_city.xml. 
09:46:14.685 INFO  - The hardware specification for project 'battle_city_design_hw_platform' is different from D:\ra126-2016\Bomberman\battle_city_design\SDK\SDK_Export\hw\battle_city.xml. 
09:46:14.733 INFO  - Copied contents of D:\ra126-2016\Bomberman\battle_city_design\SDK\SDK_Export\hw\battle_city.xml into \battle_city_design_hw_platform\system.xml. 
09:46:14.736 INFO  - Copied contents of D:\ra126-2016\Bomberman\battle_city_design\SDK\SDK_Export\hw\battle_city.bit into \battle_city_design_hw_platform\system.bit. 
09:46:14.738 INFO  - Copied contents of D:\ra126-2016\Bomberman\battle_city_design\SDK\SDK_Export\hw\battle_city_bd.bmm into \battle_city_design_hw_platform\system_bd.bmm. 
09:46:15.131 INFO  - Synchronizing projects in the workspace with the hardware platform specification changes. 
09:46:24.992 INFO  - Updating hardware inferred compiler options for Boomberman. 
09:46:25.802 INFO  - Updating hardware inferred compiler options for bomberman_app1. 
09:46:26.611 INFO  - Updating hardware inferred compiler options for boomberman_app. 
09:46:26.630 INFO  - Clearing existing target manager status. 
09:46:28.964 INFO  - Workspace synchronized with the new hardware specification file. Cleaning dependent projects... 
10:48:36.655 ERROR - Unexpected error while parsing XMD response ?: com.google.gson.JsonSyntaxException: com.google.gson.stream.MalformedJsonException: invalid number or unquoted string near  
